Using pre-set license
Built from '2020.2/staging' branch; Version is '2020.2.7f1 (c53830e277f1) revision 12924976'; Using compiler version '192528614'; Build Type 'Release'
OS: 'Windows 10 Home; OS build 18363.1316; Version 1909; 64bit' Language: 'en' Physical Memory: 8001 MB
BatchMode: 1, IsHumanControllingUs: 0, StartBugReporterOnCrash: 0, Is64bit: 1, IsPro: 0

 COMMAND LINE ARGUMENTS:
C:\Program Files\Unity\Hub\Editor\2020.2.7f1\Editor\Unity.exe
-adb2
-batchMode
-noUpm
-name
AssetImportWorker0
-projectPath
C:/Users/toluo/Documents/TMOTLG/TMOTLG Unity/TMOTLG
-logFile
Logs/AssetImportWorker0.log
-srvPort
58835
Successfully changed project path to: C:/Users/toluo/Documents/TMOTLG/TMOTLG Unity/TMOTLG
C:/Users/toluo/Documents/TMOTLG/TMOTLG Unity/TMOTLG
Using Asset Import Pipeline V2.
Refreshing native plugins compatible for Editor in 131.29 ms, found 1 plugins.
Preloading 0 native plugins for Editor in 0.00 ms.
Initialize engine version: 2020.2.7f1 (c53830e277f1)
[Subsystems] Discovering subsystems at path C:/Program Files/Unity/Hub/Editor/2020.2.7f1/Editor/Data/Resources/UnitySubsystems
[Subsystems] Discovering subsystems at path C:/Users/toluo/Documents/TMOTLG/TMOTLG Unity/TMOTLG/Assets
GfxDevice: creating device client; threaded=0
Direct3D:
    Version:  Direct3D 11.0 [level 11.1]
    Renderer: NVIDIA GeForce GTX 1650 (ID=0x1f91)
    Vendor:   
    VRAM:     3962 MB
    Driver:   26.21.14.3187
Initialize mono
Mono path[0] = 'C:/Program Files/Unity/Hub/Editor/2020.2.7f1/Editor/Data/Managed'
Mono path[1] = 'C:/Program Files/Unity/Hub/Editor/2020.2.7f1/Editor/Data/MonoBleedingEdge/lib/mono/unityjit'
Mono config path = 'C:/Program Files/Unity/Hub/Editor/2020.2.7f1/Editor/Data/MonoBleedingEdge/etc'
Using monoOptions --debugger-agent=transport=dt_socket,embedding=1,server=y,suspend=n,address=127.0.0.1:56056
Begin MonoManager ReloadAssembly
Registering precompiled unity dll's ...
Register platform support module: C:/Program Files/Unity/Hub/Editor/2020.2.7f1/Editor/Data/PlaybackEngines/WindowsStandaloneSupport/UnityEditor.WindowsStandalone.Extensions.dll
Registered in 0.006920 seconds.
Native extension for WindowsStandalone target not found
Refreshing native plugins compatible for Editor in 114.91 ms, found 1 plugins.
Preloading 0 native plugins for Editor in 0.00 ms.
Invoked RoslynAnalysisRunner static constructor.
RoslynAnalysisRunner will not be running.
RoslynAnalysisRunner has terminated.
Mono: successfully reloaded assembly
- Completed reload, in  4.198 seconds
Platform modules already initialized, skipping
Registering precompiled user dll's ...
Registered in 0.004946 seconds.
Begin MonoManager ReloadAssembly
Native extension for WindowsStandalone target not found
Refreshing native plugins compatible for Editor in 116.38 ms, found 1 plugins.
Preloading 0 native plugins for Editor in 0.00 ms.
Invoked RoslynAnalysisRunner static constructor.
RoslynAnalysisRunner will not be running.
RoslynAnalysisRunner has terminated.
Mono: successfully reloaded assembly
- Completed reload, in  3.401 seconds
Platform modules already initialized, skipping
========================================================================
Worker process is ready to serve import requests
Launched and connected shader compiler UnityShaderCompiler.exe after 0.25 seconds
Refreshing native plugins compatible for Editor in 1.25 ms, found 1 plugins.
Preloading 0 native plugins for Editor in 0.00 ms.
Unloading 1806 Unused Serialized files (Serialized files now loaded: 0)
System memory in use before: 84.5 MB.
System memory in use after: 84.5 MB.

Unloading 24 unused Assets to reduce memory usage. Loaded Objects now: 2248.
Total: 5.800900 ms (FindLiveObjects: 0.478200 ms CreateObjectMapping: 0.121800 ms MarkObjects: 4.877400 ms  DeleteObjects: 0.319900 ms)

========================================================================
Received Import Request.
  path: Assets/Scenes/Build Scene.unity
  artifactKey: Guid(b7a0344646701904685e7e43f1ef6f64) Importer(815301076,1909f56bfc062723c751e8b465ee728b)
Start importing Assets/Scenes/Build Scene.unity using Guid(b7a0344646701904685e7e43f1ef6f64) Importer(815301076,1909f56bfc062723c751e8b465ee728b)  -> (artifact id: '8f87cbfc7e19ac6f0df284786041ccae') in 0.101267 seconds
  Import took 0.119083 seconds .

========================================================================
Received Import Request.
  Time since last request: 34.865208 seconds.
  path: Assets
  artifactKey: Guid(00000000000000001000000000000000) Importer(815301076,1909f56bfc062723c751e8b465ee728b)
Start importing Assets using Guid(00000000000000001000000000000000) Importer(815301076,1909f56bfc062723c751e8b465ee728b)  -> (artifact id: 'f89434ac489deb914593f829e0a47671') in 0.038906 seconds
  Import took 0.055538 seconds .

========================================================================
Received Import Request.
  Time since last request: 9.642699 seconds.
  path: Assets/script.cs
  artifactKey: Guid(7e442ff30a204d24ea25539631ab2fb3) Importer(815301076,1909f56bfc062723c751e8b465ee728b)
Start importing Assets/script.cs using Guid(7e442ff30a204d24ea25539631ab2fb3) Importer(815301076,1909f56bfc062723c751e8b465ee728b)  -> (artifact id: '0d6279e0005ec5dd656ddd9e6753c98d') in 0.153160 seconds
  Import took 0.177084 seconds .

========================================================================
Received Prepare
Registering precompiled user dll's ...
Registered in 0.003416 seconds.
Begin MonoManager ReloadAssembly
Native extension for WindowsStandalone target not found
Refreshing native plugins compatible for Editor in 0.78 ms, found 1 plugins.
Preloading 0 native plugins for Editor in 0.00 ms.
Invoked RoslynAnalysisRunner static constructor.
RoslynAnalysisRunner will not be running.
RoslynAnalysisRunner has terminated.
Mono: successfully reloaded assembly
- Completed reload, in  2.663 seconds
Platform modules already initialized, skipping
Refreshing native plugins compatible for Editor in 1.25 ms, found 1 plugins.
Preloading 0 native plugins for Editor in 0.00 ms.
Unloading 1802 Unused Serialized files (Serialized files now loaded: 0)
System memory in use before: 84.5 MB.
System memory in use after: 84.5 MB.

Unloading 12 unused Assets to reduce memory usage. Loaded Objects now: 2253.
Total: 5.080500 ms (FindLiveObjects: 0.384600 ms CreateObjectMapping: 0.246400 ms MarkObjects: 4.186500 ms  DeleteObjects: 0.259700 ms)

========================================================================
Received Prepare
Registering precompiled user dll's ...
Registered in 0.002992 seconds.
Begin MonoManager ReloadAssembly
Native extension for WindowsStandalone target not found
Refreshing native plugins compatible for Editor in 0.77 ms, found 1 plugins.
Preloading 0 native plugins for Editor in 0.00 ms.
Invoked RoslynAnalysisRunner static constructor.
RoslynAnalysisRunner will not be running.
RoslynAnalysisRunner has terminated.
Mono: successfully reloaded assembly
- Completed reload, in  2.617 seconds
Platform modules already initialized, skipping
Refreshing native plugins compatible for Editor in 0.74 ms, found 1 plugins.
Preloading 0 native plugins for Editor in 0.00 ms.
Unloading 1801 Unused Serialized files (Serialized files now loaded: 0)
System memory in use before: 84.5 MB.
System memory in use after: 84.5 MB.

Unloading 13 unused Assets to reduce memory usage. Loaded Objects now: 2256.
Total: 5.381200 ms (FindLiveObjects: 0.371500 ms CreateObjectMapping: 0.139200 ms MarkObjects: 4.559600 ms  DeleteObjects: 0.308000 ms)

========================================================================
Received Import Request.
  Time since last request: 135.514603 seconds.
  path: Assets/Scripts
  artifactKey: Guid(3f6a2f28a4260a24ba6efad17cd4182b) Importer(815301076,1909f56bfc062723c751e8b465ee728b)
Start importing Assets/Scripts using Guid(3f6a2f28a4260a24ba6efad17cd4182b) Importer(815301076,1909f56bfc062723c751e8b465ee728b)  -> (artifact id: '52e4b0209d03627cf7f740a9074e5be6') in 0.031632 seconds
  Import took 0.043358 seconds .

========================================================================
Received Import Request.
  Time since last request: 4.299617 seconds.
  path: Assets/Audio
  artifactKey: Guid(d74c6319601b3d64db6d3854ab264435) Importer(815301076,1909f56bfc062723c751e8b465ee728b)
Start importing Assets/Audio using Guid(d74c6319601b3d64db6d3854ab264435) Importer(815301076,1909f56bfc062723c751e8b465ee728b)  -> (artifact id: '68248ad23a97851682174906cdfdbf35') in 0.024329 seconds
  Import took 0.033924 seconds .

========================================================================
Received Import Request.
  Time since last request: 4.930483 seconds.
  path: Assets/Art
  artifactKey: Guid(443a05d11f3f0994eb27b21a4a68ddb3) Importer(815301076,1909f56bfc062723c751e8b465ee728b)
Start importing Assets/Art using Guid(443a05d11f3f0994eb27b21a4a68ddb3) Importer(815301076,1909f56bfc062723c751e8b465ee728b)  -> (artifact id: '9d63bea7091cc130a48af819b7a54999') in 0.026149 seconds
  Import took 0.035632 seconds .

AssetImportWorkerClient::OnTransportError - code=2 error=End of file
